<?xml version="1.0" encoding="UTF-8"?>
<testsuite xmlns:xsi="http://www.w3.org/2001/XMLSchema-instance" xsi:noNamespaceSchemaLocation="https://maven.apache.org/surefire/maven-surefire-plugin/xsd/surefire-test-report.xsd" name="com.lwz.web.WebApplicationTests" time="10.068" tests="1" errors="0" skipped="0" failures="0">
  <properties>
    <property name="sun.desktop" value="windows"/>
    <property name="awt.toolkit" value="sun.awt.windows.WToolkit"/>
    <property name="file.encoding.pkg" value="sun.io"/>
    <property name="java.specification.version" value="1.8"/>
    <property name="sun.cpu.isalist" value="amd64"/>
    <property name="sun.jnu.encoding" value="GBK"/>
    <property name="java.class.path" value="D:\IDEA\SpringBootMulti\springboot-scaffold-multi\web\target\test-classes;D:\IDEA\SpringBootMulti\springboot-scaffold-multi\web\target\classes;D:\IDEA\SpringBootMulti\springboot-scaffold-multi\service\target\service-1.0-SNAPSHOT.jar;D:\IDEA\SpringBootMulti\springboot-scaffold-multi\dao\target\dao-1.0-SNAPSHOT.jar;D:\IDEA\SpringBootMulti\springboot-scaffold-multi\model\target\model-1.0-SNAPSHOT.jar;D:\maven\apache-maven-3.6.0\conf\repository\com\baomidou\mybatis-plus-boot-starter\3.3.2\mybatis-plus-boot-starter-3.3.2.jar;D:\maven\apache-maven-3.6.0\conf\repository\com\baomidou\mybatis-plus\3.3.2\mybatis-plus-3.3.2.jar;D:\maven\apache-maven-3.6.0\conf\repository\com\baomidou\mybatis-plus-extension\3.3.2\mybatis-plus-extension-3.3.2.jar;D:\maven\apache-maven-3.6.0\conf\repository\com\baomidou\mybatis-plus-core\3.3.2\mybatis-plus-core-3.3.2.jar;D:\maven\apache-maven-3.6.0\conf\repository\com\baomidou\mybatis-plus-annotation\3.3.2\mybatis-plus-annotation-3.3.2.jar;D:\maven\apache-maven-3.6.0\conf\repository\org\springframework\boot\spring-boot-starter-data-redis\2.3.0.RELEASE\spring-boot-starter-data-redis-2.3.0.RELEASE.jar;D:\maven\apache-maven-3.6.0\conf\repository\org\springframework\data\spring-data-redis\2.3.0.RELEASE\spring-data-redis-2.3.0.RELEASE.jar;D:\maven\apache-maven-3.6.0\conf\repository\org\springframework\data\spring-data-keyvalue\2.3.0.RELEASE\spring-data-keyvalue-2.3.0.RELEASE.jar;D:\maven\apache-maven-3.6.0\conf\repository\org\springframework\data\spring-data-commons\2.3.0.RELEASE\spring-data-commons-2.3.0.RELEASE.jar;D:\maven\apache-maven-3.6.0\conf\repository\org\springframework\spring-tx\5.2.6.RELEASE\spring-tx-5.2.6.RELEASE.jar;D:\maven\apache-maven-3.6.0\conf\repository\org\springframework\spring-oxm\5.2.6.RELEASE\spring-oxm-5.2.6.RELEASE.jar;D:\maven\apache-maven-3.6.0\conf\repository\org\springframework\spring-context-support\5.2.6.RELEASE\spring-context-support-5.2.6.RELEASE.jar;D:\maven\apache-maven-3.6.0\conf\repository\io\lettuce\lettuce-core\5.3.0.RELEASE\lettuce-core-5.3.0.RELEASE.jar;D:\maven\apache-maven-3.6.0\conf\repository\io\netty\netty-common\4.1.49.Final\netty-common-4.1.49.Final.jar;D:\maven\apache-maven-3.6.0\conf\repository\io\netty\netty-handler\4.1.49.Final\netty-handler-4.1.49.Final.jar;D:\maven\apache-maven-3.6.0\conf\repository\io\netty\netty-resolver\4.1.49.Final\netty-resolver-4.1.49.Final.jar;D:\maven\apache-maven-3.6.0\conf\repository\io\netty\netty-buffer\4.1.49.Final\netty-buffer-4.1.49.Final.jar;D:\maven\apache-maven-3.6.0\conf\repository\io\netty\netty-codec\4.1.49.Final\netty-codec-4.1.49.Final.jar;D:\maven\apache-maven-3.6.0\conf\repository\io\netty\netty-transport\4.1.49.Final\netty-transport-4.1.49.Final.jar;D:\maven\apache-maven-3.6.0\conf\repository\io\projectreactor\reactor-core\3.3.5.RELEASE\reactor-core-3.3.5.RELEASE.jar;D:\maven\apache-maven-3.6.0\conf\repository\org\reactivestreams\reactive-streams\1.0.3\reactive-streams-1.0.3.jar;D:\maven\apache-maven-3.6.0\conf\repository\org\springframework\boot\spring-boot-starter-web\2.3.0.RELEASE\spring-boot-starter-web-2.3.0.RELEASE.jar;D:\maven\apache-maven-3.6.0\conf\repository\org\springframework\boot\spring-boot-starter\2.3.0.RELEASE\spring-boot-starter-2.3.0.RELEASE.jar;D:\maven\apache-maven-3.6.0\conf\repository\org\springframework\boot\spring-boot\2.3.0.RELEASE\spring-boot-2.3.0.RELEASE.jar;D:\maven\apache-maven-3.6.0\conf\repository\org\springframework\boot\spring-boot-autoconfigure\2.3.0.RELEASE\spring-boot-autoconfigure-2.3.0.RELEASE.jar;D:\maven\apache-maven-3.6.0\conf\repository\org\springframework\boot\spring-boot-starter-logging\2.3.0.RELEASE\spring-boot-starter-logging-2.3.0.RELEASE.jar;D:\maven\apache-maven-3.6.0\conf\repository\ch\qos\logback\logback-classic\1.2.3\logback-classic-1.2.3.jar;D:\maven\apache-maven-3.6.0\conf\repository\ch\qos\logback\logback-core\1.2.3\logback-core-1.2.3.jar;D:\maven\apache-maven-3.6.0\conf\repository\org\apache\logging\log4j\log4j-to-slf4j\2.13.2\log4j-to-slf4j-2.13.2.jar;D:\maven\apache-maven-3.6.0\conf\repository\org\apache\logging\log4j\log4j-api\2.13.2\log4j-api-2.13.2.jar;D:\maven\apache-maven-3.6.0\conf\repository\org\slf4j\jul-to-slf4j\1.7.30\jul-to-slf4j-1.7.30.jar;D:\maven\apache-maven-3.6.0\conf\repository\jakarta\annotation\jakarta.annotation-api\1.3.5\jakarta.annotation-api-1.3.5.jar;D:\maven\apache-maven-3.6.0\conf\repository\org\yaml\snakeyaml\1.26\snakeyaml-1.26.jar;D:\maven\apache-maven-3.6.0\conf\repository\org\springframework\boot\spring-boot-starter-json\2.3.0.RELEASE\spring-boot-starter-json-2.3.0.RELEASE.jar;D:\maven\apache-maven-3.6.0\conf\repository\com\fasterxml\jackson\datatype\jackson-datatype-jdk8\2.11.0\jackson-datatype-jdk8-2.11.0.jar;D:\maven\apache-maven-3.6.0\conf\repository\com\fasterxml\jackson\datatype\jackson-datatype-jsr310\2.11.0\jackson-datatype-jsr310-2.11.0.jar;D:\maven\apache-maven-3.6.0\conf\repository\com\fasterxml\jackson\module\jackson-module-parameter-names\2.11.0\jackson-module-parameter-names-2.11.0.jar;D:\maven\apache-maven-3.6.0\conf\repository\org\springframework\boot\spring-boot-starter-tomcat\2.3.0.RELEASE\spring-boot-starter-tomcat-2.3.0.RELEASE.jar;D:\maven\apache-maven-3.6.0\conf\repository\org\apache\tomcat\embed\tomcat-embed-core\9.0.35\tomcat-embed-core-9.0.35.jar;D:\maven\apache-maven-3.6.0\conf\repository\org\glassfish\jakarta.el\3.0.3\jakarta.el-3.0.3.jar;D:\maven\apache-maven-3.6.0\conf\repository\org\apache\tomcat\embed\tomcat-embed-websocket\9.0.35\tomcat-embed-websocket-9.0.35.jar;D:\maven\apache-maven-3.6.0\conf\repository\org\springframework\spring-web\5.2.6.RELEASE\spring-web-5.2.6.RELEASE.jar;D:\maven\apache-maven-3.6.0\conf\repository\org\springframework\spring-beans\5.2.6.RELEASE\spring-beans-5.2.6.RELEASE.jar;D:\maven\apache-maven-3.6.0\conf\repository\org\springframework\spring-webmvc\5.2.6.RELEASE\spring-webmvc-5.2.6.RELEASE.jar;D:\maven\apache-maven-3.6.0\conf\repository\org\springframework\spring-context\5.2.6.RELEASE\spring-context-5.2.6.RELEASE.jar;D:\maven\apache-maven-3.6.0\conf\repository\org\springframework\spring-expression\5.2.6.RELEASE\spring-expression-5.2.6.RELEASE.jar;D:\maven\apache-maven-3.6.0\conf\repository\org\springframework\boot\spring-boot-starter-test\2.3.0.RELEASE\spring-boot-starter-test-2.3.0.RELEASE.jar;D:\maven\apache-maven-3.6.0\conf\repository\org\springframework\boot\spring-boot-test\2.3.0.RELEASE\spring-boot-test-2.3.0.RELEASE.jar;D:\maven\apache-maven-3.6.0\conf\repository\org\springframework\boot\spring-boot-test-autoconfigure\2.3.0.RELEASE\spring-boot-test-autoconfigure-2.3.0.RELEASE.jar;D:\maven\apache-maven-3.6.0\conf\repository\com\jayway\jsonpath\json-path\2.4.0\json-path-2.4.0.jar;D:\maven\apache-maven-3.6.0\conf\repository\net\minidev\json-smart\2.3\json-smart-2.3.jar;D:\maven\apache-maven-3.6.0\conf\repository\net\minidev\accessors-smart\1.2\accessors-smart-1.2.jar;D:\maven\apache-maven-3.6.0\conf\repository\org\ow2\asm\asm\5.0.4\asm-5.0.4.jar;D:\maven\apache-maven-3.6.0\conf\repository\jakarta\xml\bind\jakarta.xml.bind-api\2.3.3\jakarta.xml.bind-api-2.3.3.jar;D:\maven\apache-maven-3.6.0\conf\repository\jakarta\activation\jakarta.activation-api\1.2.2\jakarta.activation-api-1.2.2.jar;D:\maven\apache-maven-3.6.0\conf\repository\org\assertj\assertj-core\3.16.1\assertj-core-3.16.1.jar;D:\maven\apache-maven-3.6.0\conf\repository\org\hamcrest\hamcrest\2.2\hamcrest-2.2.jar;D:\maven\apache-maven-3.6.0\conf\repository\org\junit\jupiter\junit-jupiter\5.6.2\junit-jupiter-5.6.2.jar;D:\maven\apache-maven-3.6.0\conf\repository\org\junit\jupiter\junit-jupiter-api\5.6.2\junit-jupiter-api-5.6.2.jar;D:\maven\apache-maven-3.6.0\conf\repository\org\apiguardian\apiguardian-api\1.1.0\apiguardian-api-1.1.0.jar;D:\maven\apache-maven-3.6.0\conf\repository\org\opentest4j\opentest4j\1.2.0\opentest4j-1.2.0.jar;D:\maven\apache-maven-3.6.0\conf\repository\org\junit\platform\junit-platform-commons\1.6.2\junit-platform-commons-1.6.2.jar;D:\maven\apache-maven-3.6.0\conf\repository\org\junit\jupiter\junit-jupiter-params\5.6.2\junit-jupiter-params-5.6.2.jar;D:\maven\apache-maven-3.6.0\conf\repository\org\junit\jupiter\junit-jupiter-engine\5.6.2\junit-jupiter-engine-5.6.2.jar;D:\maven\apache-maven-3.6.0\conf\repository\org\junit\platform\junit-platform-engine\1.6.2\junit-platform-engine-1.6.2.jar;D:\maven\apache-maven-3.6.0\conf\repository\org\mockito\mockito-core\3.3.3\mockito-core-3.3.3.jar;D:\maven\apache-maven-3.6.0\conf\repository\net\bytebuddy\byte-buddy\1.10.10\byte-buddy-1.10.10.jar;D:\maven\apache-maven-3.6.0\conf\repository\net\bytebuddy\byte-buddy-agent\1.10.10\byte-buddy-agent-1.10.10.jar;D:\maven\apache-maven-3.6.0\conf\repository\org\objenesis\objenesis\2.6\objenesis-2.6.jar;D:\maven\apache-maven-3.6.0\conf\repository\org\mockito\mockito-junit-jupiter\3.3.3\mockito-junit-jupiter-3.3.3.jar;D:\maven\apache-maven-3.6.0\conf\repository\org\skyscreamer\jsonassert\1.5.0\jsonassert-1.5.0.jar;D:\maven\apache-maven-3.6.0\conf\repository\com\vaadin\external\google\android-json\0.0.20131108.vaadin1\android-json-0.0.20131108.vaadin1.jar;D:\maven\apache-maven-3.6.0\conf\repository\org\springframework\spring-core\5.2.6.RELEASE\spring-core-5.2.6.RELEASE.jar;D:\maven\apache-maven-3.6.0\conf\repository\org\springframework\spring-jcl\5.2.6.RELEASE\spring-jcl-5.2.6.RELEASE.jar;D:\maven\apache-maven-3.6.0\conf\repository\org\springframework\spring-test\5.2.6.RELEASE\spring-test-5.2.6.RELEASE.jar;D:\maven\apache-maven-3.6.0\conf\repository\org\xmlunit\xmlunit-core\2.7.0\xmlunit-core-2.7.0.jar;D:\maven\apache-maven-3.6.0\conf\repository\org\springframework\boot\spring-boot-starter-security\2.3.0.RELEASE\spring-boot-starter-security-2.3.0.RELEASE.jar;D:\maven\apache-maven-3.6.0\conf\repository\org\springframework\spring-aop\5.2.6.RELEASE\spring-aop-5.2.6.RELEASE.jar;D:\maven\apache-maven-3.6.0\conf\repository\org\springframework\security\spring-security-config\5.3.2.RELEASE\spring-security-config-5.3.2.RELEASE.jar;D:\maven\apache-maven-3.6.0\conf\repository\org\springframework\security\spring-security-core\5.3.2.RELEASE\spring-security-core-5.3.2.RELEASE.jar;D:\maven\apache-maven-3.6.0\conf\repository\org\springframework\security\spring-security-web\5.3.2.RELEASE\spring-security-web-5.3.2.RELEASE.jar;D:\maven\apache-maven-3.6.0\conf\repository\org\springframework\boot\spring-boot-starter-aop\2.3.0.RELEASE\spring-boot-starter-aop-2.3.0.RELEASE.jar;D:\maven\apache-maven-3.6.0\conf\repository\org\aspectj\aspectjweaver\1.9.5\aspectjweaver-1.9.5.jar;D:\maven\apache-maven-3.6.0\conf\repository\mysql\mysql-connector-java\8.0.20\mysql-connector-java-8.0.20.jar;D:\maven\apache-maven-3.6.0\conf\repository\com\alibaba\druid\1.1.10\druid-1.1.10.jar;D:\maven\apache-maven-3.6.0\conf\repository\com\github\pagehelper\pagehelper-spring-boot-starter\1.2.3\pagehelper-spring-boot-starter-1.2.3.jar;D:\maven\apache-maven-3.6.0\conf\repository\com\github\pagehelper\pagehelper-spring-boot-autoconfigure\1.2.3\pagehelper-spring-boot-autoconfigure-1.2.3.jar;D:\maven\apache-maven-3.6.0\conf\repository\com\github\pagehelper\pagehelper\5.1.2\pagehelper-5.1.2.jar;D:\maven\apache-maven-3.6.0\conf\repository\com\github\jsqlparser\jsqlparser\1.0\jsqlparser-1.0.jar;D:\maven\apache-maven-3.6.0\conf\repository\io\jsonwebtoken\jjwt\0.9.1\jjwt-0.9.1.jar;D:\maven\apache-maven-3.6.0\conf\repository\com\fasterxml\jackson\core\jackson-databind\2.11.0\jackson-databind-2.11.0.jar;D:\maven\apache-maven-3.6.0\conf\repository\com\fasterxml\jackson\core\jackson-annotations\2.11.0\jackson-annotations-2.11.0.jar;D:\maven\apache-maven-3.6.0\conf\repository\com\fasterxml\jackson\core\jackson-core\2.11.0\jackson-core-2.11.0.jar;D:\maven\apache-maven-3.6.0\conf\repository\org\mybatis\spring\boot\mybatis-spring-boot-starter\2.1.2\mybatis-spring-boot-starter-2.1.2.jar;D:\maven\apache-maven-3.6.0\conf\repository\org\springframework\boot\spring-boot-starter-jdbc\2.3.0.RELEASE\spring-boot-starter-jdbc-2.3.0.RELEASE.jar;D:\maven\apache-maven-3.6.0\conf\repository\com\zaxxer\HikariCP\3.4.5\HikariCP-3.4.5.jar;D:\maven\apache-maven-3.6.0\conf\repository\org\springframework\spring-jdbc\5.2.6.RELEASE\spring-jdbc-5.2.6.RELEASE.jar;D:\maven\apache-maven-3.6.0\conf\repository\org\mybatis\spring\boot\mybatis-spring-boot-autoconfigure\2.1.2\mybatis-spring-boot-autoconfigure-2.1.2.jar;D:\maven\apache-maven-3.6.0\conf\repository\org\mybatis\mybatis\3.5.4\mybatis-3.5.4.jar;D:\maven\apache-maven-3.6.0\conf\repository\org\mybatis\mybatis-spring\2.0.4\mybatis-spring-2.0.4.jar;D:\maven\apache-maven-3.6.0\conf\repository\io\springfox\springfox-swagger2\2.9.2\springfox-swagger2-2.9.2.jar;D:\maven\apache-maven-3.6.0\conf\repository\io\swagger\swagger-annotations\1.5.20\swagger-annotations-1.5.20.jar;D:\maven\apache-maven-3.6.0\conf\repository\io\swagger\swagger-models\1.5.20\swagger-models-1.5.20.jar;D:\maven\apache-maven-3.6.0\conf\repository\io\springfox\springfox-spi\2.9.2\springfox-spi-2.9.2.jar;D:\maven\apache-maven-3.6.0\conf\repository\io\springfox\springfox-core\2.9.2\springfox-core-2.9.2.jar;D:\maven\apache-maven-3.6.0\conf\repository\io\springfox\springfox-schema\2.9.2\springfox-schema-2.9.2.jar;D:\maven\apache-maven-3.6.0\conf\repository\io\springfox\springfox-swagger-common\2.9.2\springfox-swagger-common-2.9.2.jar;D:\maven\apache-maven-3.6.0\conf\repository\io\springfox\springfox-spring-web\2.9.2\springfox-spring-web-2.9.2.jar;D:\maven\apache-maven-3.6.0\conf\repository\com\google\guava\guava\20.0\guava-20.0.jar;D:\maven\apache-maven-3.6.0\conf\repository\com\fasterxml\classmate\1.5.1\classmate-1.5.1.jar;D:\maven\apache-maven-3.6.0\conf\repository\org\slf4j\slf4j-api\1.7.30\slf4j-api-1.7.30.jar;D:\maven\apache-maven-3.6.0\conf\repository\org\springframework\plugin\spring-plugin-core\1.2.0.RELEASE\spring-plugin-core-1.2.0.RELEASE.jar;D:\maven\apache-maven-3.6.0\conf\repository\org\springframework\plugin\spring-plugin-metadata\1.2.0.RELEASE\spring-plugin-metadata-1.2.0.RELEASE.jar;D:\maven\apache-maven-3.6.0\conf\repository\org\mapstruct\mapstruct\1.2.0.Final\mapstruct-1.2.0.Final.jar;D:\maven\apache-maven-3.6.0\conf\repository\io\springfox\springfox-swagger-ui\2.9.2\springfox-swagger-ui-2.9.2.jar;D:\maven\apache-maven-3.6.0\conf\repository\com\alibaba\fastjson\1.2.47\fastjson-1.2.47.jar;"/>
    <property name="java.vm.vendor" value="Oracle Corporation"/>
    <property name="sun.arch.data.model" value="64"/>
    <property name="user.variant" value=""/>
    <property name="java.vendor.url" value="http://java.oracle.com/"/>
    <property name="user.timezone" value="Asia/Shanghai"/>
    <property name="java.vm.specification.version" value="1.8"/>
    <property name="os.name" value="Windows 10"/>
    <property name="user.country" value="CN"/>
    <property name="sun.java.launcher" value="SUN_STANDARD"/>
    <property name="sun.boot.library.path" value="C:\Program Files\Java\jdk1.8.0_192\jre\bin"/>
    <property name="sun.java.command" value="C:\Users\15447\AppData\Local\Temp\surefire7228560569160508769\surefirebooter2395281691057195897.jar C:\Users\15447\AppData\Local\Temp\surefire7228560569160508769 2020-09-30T22-02-18_515-jvmRun1 surefire6252150922218254678tmp surefire_01541229842959678633tmp"/>
    <property name="surefire.test.class.path" value="D:\IDEA\SpringBootMulti\springboot-scaffold-multi\web\target\test-classes;D:\IDEA\SpringBootMulti\springboot-scaffold-multi\web\target\classes;D:\IDEA\SpringBootMulti\springboot-scaffold-multi\service\target\service-1.0-SNAPSHOT.jar;D:\IDEA\SpringBootMulti\springboot-scaffold-multi\dao\target\dao-1.0-SNAPSHOT.jar;D:\IDEA\SpringBootMulti\springboot-scaffold-multi\model\target\model-1.0-SNAPSHOT.jar;D:\maven\apache-maven-3.6.0\conf\repository\com\baomidou\mybatis-plus-boot-starter\3.3.2\mybatis-plus-boot-starter-3.3.2.jar;D:\maven\apache-maven-3.6.0\conf\repository\com\baomidou\mybatis-plus\3.3.2\mybatis-plus-3.3.2.jar;D:\maven\apache-maven-3.6.0\conf\repository\com\baomidou\mybatis-plus-extension\3.3.2\mybatis-plus-extension-3.3.2.jar;D:\maven\apache-maven-3.6.0\conf\repository\com\baomidou\mybatis-plus-core\3.3.2\mybatis-plus-core-3.3.2.jar;D:\maven\apache-maven-3.6.0\conf\repository\com\baomidou\mybatis-plus-annotation\3.3.2\mybatis-plus-annotation-3.3.2.jar;D:\maven\apache-maven-3.6.0\conf\repository\org\springframework\boot\spring-boot-starter-data-redis\2.3.0.RELEASE\spring-boot-starter-data-redis-2.3.0.RELEASE.jar;D:\maven\apache-maven-3.6.0\conf\repository\org\springframework\data\spring-data-redis\2.3.0.RELEASE\spring-data-redis-2.3.0.RELEASE.jar;D:\maven\apache-maven-3.6.0\conf\repository\org\springframework\data\spring-data-keyvalue\2.3.0.RELEASE\spring-data-keyvalue-2.3.0.RELEASE.jar;D:\maven\apache-maven-3.6.0\conf\repository\org\springframework\data\spring-data-commons\2.3.0.RELEASE\spring-data-commons-2.3.0.RELEASE.jar;D:\maven\apache-maven-3.6.0\conf\repository\org\springframework\spring-tx\5.2.6.RELEASE\spring-tx-5.2.6.RELEASE.jar;D:\maven\apache-maven-3.6.0\conf\repository\org\springframework\spring-oxm\5.2.6.RELEASE\spring-oxm-5.2.6.RELEASE.jar;D:\maven\apache-maven-3.6.0\conf\repository\org\springframework\spring-context-support\5.2.6.RELEASE\spring-context-support-5.2.6.RELEASE.jar;D:\maven\apache-maven-3.6.0\conf\repository\io\lettuce\lettuce-core\5.3.0.RELEASE\lettuce-core-5.3.0.RELEASE.jar;D:\maven\apache-maven-3.6.0\conf\repository\io\netty\netty-common\4.1.49.Final\netty-common-4.1.49.Final.jar;D:\maven\apache-maven-3.6.0\conf\repository\io\netty\netty-handler\4.1.49.Final\netty-handler-4.1.49.Final.jar;D:\maven\apache-maven-3.6.0\conf\repository\io\netty\netty-resolver\4.1.49.Final\netty-resolver-4.1.49.Final.jar;D:\maven\apache-maven-3.6.0\conf\repository\io\netty\netty-buffer\4.1.49.Final\netty-buffer-4.1.49.Final.jar;D:\maven\apache-maven-3.6.0\conf\repository\io\netty\netty-codec\4.1.49.Final\netty-codec-4.1.49.Final.jar;D:\maven\apache-maven-3.6.0\conf\repository\io\netty\netty-transport\4.1.49.Final\netty-transport-4.1.49.Final.jar;D:\maven\apache-maven-3.6.0\conf\repository\io\projectreactor\reactor-core\3.3.5.RELEASE\reactor-core-3.3.5.RELEASE.jar;D:\maven\apache-maven-3.6.0\conf\repository\org\reactivestreams\reactive-streams\1.0.3\reactive-streams-1.0.3.jar;D:\maven\apache-maven-3.6.0\conf\repository\org\springframework\boot\spring-boot-starter-web\2.3.0.RELEASE\spring-boot-starter-web-2.3.0.RELEASE.jar;D:\maven\apache-maven-3.6.0\conf\repository\org\springframework\boot\spring-boot-starter\2.3.0.RELEASE\spring-boot-starter-2.3.0.RELEASE.jar;D:\maven\apache-maven-3.6.0\conf\repository\org\springframework\boot\spring-boot\2.3.0.RELEASE\spring-boot-2.3.0.RELEASE.jar;D:\maven\apache-maven-3.6.0\conf\repository\org\springframework\boot\spring-boot-autoconfigure\2.3.0.RELEASE\spring-boot-autoconfigure-2.3.0.RELEASE.jar;D:\maven\apache-maven-3.6.0\conf\repository\org\springframework\boot\spring-boot-starter-logging\2.3.0.RELEASE\spring-boot-starter-logging-2.3.0.RELEASE.jar;D:\maven\apache-maven-3.6.0\conf\repository\ch\qos\logback\logback-classic\1.2.3\logback-classic-1.2.3.jar;D:\maven\apache-maven-3.6.0\conf\repository\ch\qos\logback\logback-core\1.2.3\logback-core-1.2.3.jar;D:\maven\apache-maven-3.6.0\conf\repository\org\apache\logging\log4j\log4j-to-slf4j\2.13.2\log4j-to-slf4j-2.13.2.jar;D:\maven\apache-maven-3.6.0\conf\repository\org\apache\logging\log4j\log4j-api\2.13.2\log4j-api-2.13.2.jar;D:\maven\apache-maven-3.6.0\conf\repository\org\slf4j\jul-to-slf4j\1.7.30\jul-to-slf4j-1.7.30.jar;D:\maven\apache-maven-3.6.0\conf\repository\jakarta\annotation\jakarta.annotation-api\1.3.5\jakarta.annotation-api-1.3.5.jar;D:\maven\apache-maven-3.6.0\conf\repository\org\yaml\snakeyaml\1.26\snakeyaml-1.26.jar;D:\maven\apache-maven-3.6.0\conf\repository\org\springframework\boot\spring-boot-starter-json\2.3.0.RELEASE\spring-boot-starter-json-2.3.0.RELEASE.jar;D:\maven\apache-maven-3.6.0\conf\repository\com\fasterxml\jackson\datatype\jackson-datatype-jdk8\2.11.0\jackson-datatype-jdk8-2.11.0.jar;D:\maven\apache-maven-3.6.0\conf\repository\com\fasterxml\jackson\datatype\jackson-datatype-jsr310\2.11.0\jackson-datatype-jsr310-2.11.0.jar;D:\maven\apache-maven-3.6.0\conf\repository\com\fasterxml\jackson\module\jackson-module-parameter-names\2.11.0\jackson-module-parameter-names-2.11.0.jar;D:\maven\apache-maven-3.6.0\conf\repository\org\springframework\boot\spring-boot-starter-tomcat\2.3.0.RELEASE\spring-boot-starter-tomcat-2.3.0.RELEASE.jar;D:\maven\apache-maven-3.6.0\conf\repository\org\apache\tomcat\embed\tomcat-embed-core\9.0.35\tomcat-embed-core-9.0.35.jar;D:\maven\apache-maven-3.6.0\conf\repository\org\glassfish\jakarta.el\3.0.3\jakarta.el-3.0.3.jar;D:\maven\apache-maven-3.6.0\conf\repository\org\apache\tomcat\embed\tomcat-embed-websocket\9.0.35\tomcat-embed-websocket-9.0.35.jar;D:\maven\apache-maven-3.6.0\conf\repository\org\springframework\spring-web\5.2.6.RELEASE\spring-web-5.2.6.RELEASE.jar;D:\maven\apache-maven-3.6.0\conf\repository\org\springframework\spring-beans\5.2.6.RELEASE\spring-beans-5.2.6.RELEASE.jar;D:\maven\apache-maven-3.6.0\conf\repository\org\springframework\spring-webmvc\5.2.6.RELEASE\spring-webmvc-5.2.6.RELEASE.jar;D:\maven\apache-maven-3.6.0\conf\repository\org\springframework\spring-context\5.2.6.RELEASE\spring-context-5.2.6.RELEASE.jar;D:\maven\apache-maven-3.6.0\conf\repository\org\springframework\spring-expression\5.2.6.RELEASE\spring-expression-5.2.6.RELEASE.jar;D:\maven\apache-maven-3.6.0\conf\repository\org\springframework\boot\spring-boot-starter-test\2.3.0.RELEASE\spring-boot-starter-test-2.3.0.RELEASE.jar;D:\maven\apache-maven-3.6.0\conf\repository\org\springframework\boot\spring-boot-test\2.3.0.RELEASE\spring-boot-test-2.3.0.RELEASE.jar;D:\maven\apache-maven-3.6.0\conf\repository\org\springframework\boot\spring-boot-test-autoconfigure\2.3.0.RELEASE\spring-boot-test-autoconfigure-2.3.0.RELEASE.jar;D:\maven\apache-maven-3.6.0\conf\repository\com\jayway\jsonpath\json-path\2.4.0\json-path-2.4.0.jar;D:\maven\apache-maven-3.6.0\conf\repository\net\minidev\json-smart\2.3\json-smart-2.3.jar;D:\maven\apache-maven-3.6.0\conf\repository\net\minidev\accessors-smart\1.2\accessors-smart-1.2.jar;D:\maven\apache-maven-3.6.0\conf\repository\org\ow2\asm\asm\5.0.4\asm-5.0.4.jar;D:\maven\apache-maven-3.6.0\conf\repository\jakarta\xml\bind\jakarta.xml.bind-api\2.3.3\jakarta.xml.bind-api-2.3.3.jar;D:\maven\apache-maven-3.6.0\conf\repository\jakarta\activation\jakarta.activation-api\1.2.2\jakarta.activation-api-1.2.2.jar;D:\maven\apache-maven-3.6.0\conf\repository\org\assertj\assertj-core\3.16.1\assertj-core-3.16.1.jar;D:\maven\apache-maven-3.6.0\conf\repository\org\hamcrest\hamcrest\2.2\hamcrest-2.2.jar;D:\maven\apache-maven-3.6.0\conf\repository\org\junit\jupiter\junit-jupiter\5.6.2\junit-jupiter-5.6.2.jar;D:\maven\apache-maven-3.6.0\conf\repository\org\junit\jupiter\junit-jupiter-api\5.6.2\junit-jupiter-api-5.6.2.jar;D:\maven\apache-maven-3.6.0\conf\repository\org\apiguardian\apiguardian-api\1.1.0\apiguardian-api-1.1.0.jar;D:\maven\apache-maven-3.6.0\conf\repository\org\opentest4j\opentest4j\1.2.0\opentest4j-1.2.0.jar;D:\maven\apache-maven-3.6.0\conf\repository\org\junit\platform\junit-platform-commons\1.6.2\junit-platform-commons-1.6.2.jar;D:\maven\apache-maven-3.6.0\conf\repository\org\junit\jupiter\junit-jupiter-params\5.6.2\junit-jupiter-params-5.6.2.jar;D:\maven\apache-maven-3.6.0\conf\repository\org\junit\jupiter\junit-jupiter-engine\5.6.2\junit-jupiter-engine-5.6.2.jar;D:\maven\apache-maven-3.6.0\conf\repository\org\junit\platform\junit-platform-engine\1.6.2\junit-platform-engine-1.6.2.jar;D:\maven\apache-maven-3.6.0\conf\repository\org\mockito\mockito-core\3.3.3\mockito-core-3.3.3.jar;D:\maven\apache-maven-3.6.0\conf\repository\net\bytebuddy\byte-buddy\1.10.10\byte-buddy-1.10.10.jar;D:\maven\apache-maven-3.6.0\conf\repository\net\bytebuddy\byte-buddy-agent\1.10.10\byte-buddy-agent-1.10.10.jar;D:\maven\apache-maven-3.6.0\conf\repository\org\objenesis\objenesis\2.6\objenesis-2.6.jar;D:\maven\apache-maven-3.6.0\conf\repository\org\mockito\mockito-junit-jupiter\3.3.3\mockito-junit-jupiter-3.3.3.jar;D:\maven\apache-maven-3.6.0\conf\repository\org\skyscreamer\jsonassert\1.5.0\jsonassert-1.5.0.jar;D:\maven\apache-maven-3.6.0\conf\repository\com\vaadin\external\google\android-json\0.0.20131108.vaadin1\android-json-0.0.20131108.vaadin1.jar;D:\maven\apache-maven-3.6.0\conf\repository\org\springframework\spring-core\5.2.6.RELEASE\spring-core-5.2.6.RELEASE.jar;D:\maven\apache-maven-3.6.0\conf\repository\org\springframework\spring-jcl\5.2.6.RELEASE\spring-jcl-5.2.6.RELEASE.jar;D:\maven\apache-maven-3.6.0\conf\repository\org\springframework\spring-test\5.2.6.RELEASE\spring-test-5.2.6.RELEASE.jar;D:\maven\apache-maven-3.6.0\conf\repository\org\xmlunit\xmlunit-core\2.7.0\xmlunit-core-2.7.0.jar;D:\maven\apache-maven-3.6.0\conf\repository\org\springframework\boot\spring-boot-starter-security\2.3.0.RELEASE\spring-boot-starter-security-2.3.0.RELEASE.jar;D:\maven\apache-maven-3.6.0\conf\repository\org\springframework\spring-aop\5.2.6.RELEASE\spring-aop-5.2.6.RELEASE.jar;D:\maven\apache-maven-3.6.0\conf\repository\org\springframework\security\spring-security-config\5.3.2.RELEASE\spring-security-config-5.3.2.RELEASE.jar;D:\maven\apache-maven-3.6.0\conf\repository\org\springframework\security\spring-security-core\5.3.2.RELEASE\spring-security-core-5.3.2.RELEASE.jar;D:\maven\apache-maven-3.6.0\conf\repository\org\springframework\security\spring-security-web\5.3.2.RELEASE\spring-security-web-5.3.2.RELEASE.jar;D:\maven\apache-maven-3.6.0\conf\repository\org\springframework\boot\spring-boot-starter-aop\2.3.0.RELEASE\spring-boot-starter-aop-2.3.0.RELEASE.jar;D:\maven\apache-maven-3.6.0\conf\repository\org\aspectj\aspectjweaver\1.9.5\aspectjweaver-1.9.5.jar;D:\maven\apache-maven-3.6.0\conf\repository\mysql\mysql-connector-java\8.0.20\mysql-connector-java-8.0.20.jar;D:\maven\apache-maven-3.6.0\conf\repository\com\alibaba\druid\1.1.10\druid-1.1.10.jar;D:\maven\apache-maven-3.6.0\conf\repository\com\github\pagehelper\pagehelper-spring-boot-starter\1.2.3\pagehelper-spring-boot-starter-1.2.3.jar;D:\maven\apache-maven-3.6.0\conf\repository\com\github\pagehelper\pagehelper-spring-boot-autoconfigure\1.2.3\pagehelper-spring-boot-autoconfigure-1.2.3.jar;D:\maven\apache-maven-3.6.0\conf\repository\com\github\pagehelper\pagehelper\5.1.2\pagehelper-5.1.2.jar;D:\maven\apache-maven-3.6.0\conf\repository\com\github\jsqlparser\jsqlparser\1.0\jsqlparser-1.0.jar;D:\maven\apache-maven-3.6.0\conf\repository\io\jsonwebtoken\jjwt\0.9.1\jjwt-0.9.1.jar;D:\maven\apache-maven-3.6.0\conf\repository\com\fasterxml\jackson\core\jackson-databind\2.11.0\jackson-databind-2.11.0.jar;D:\maven\apache-maven-3.6.0\conf\repository\com\fasterxml\jackson\core\jackson-annotations\2.11.0\jackson-annotations-2.11.0.jar;D:\maven\apache-maven-3.6.0\conf\repository\com\fasterxml\jackson\core\jackson-core\2.11.0\jackson-core-2.11.0.jar;D:\maven\apache-maven-3.6.0\conf\repository\org\mybatis\spring\boot\mybatis-spring-boot-starter\2.1.2\mybatis-spring-boot-starter-2.1.2.jar;D:\maven\apache-maven-3.6.0\conf\repository\org\springframework\boot\spring-boot-starter-jdbc\2.3.0.RELEASE\spring-boot-starter-jdbc-2.3.0.RELEASE.jar;D:\maven\apache-maven-3.6.0\conf\repository\com\zaxxer\HikariCP\3.4.5\HikariCP-3.4.5.jar;D:\maven\apache-maven-3.6.0\conf\repository\org\springframework\spring-jdbc\5.2.6.RELEASE\spring-jdbc-5.2.6.RELEASE.jar;D:\maven\apache-maven-3.6.0\conf\repository\org\mybatis\spring\boot\mybatis-spring-boot-autoconfigure\2.1.2\mybatis-spring-boot-autoconfigure-2.1.2.jar;D:\maven\apache-maven-3.6.0\conf\repository\org\mybatis\mybatis\3.5.4\mybatis-3.5.4.jar;D:\maven\apache-maven-3.6.0\conf\repository\org\mybatis\mybatis-spring\2.0.4\mybatis-spring-2.0.4.jar;D:\maven\apache-maven-3.6.0\conf\repository\io\springfox\springfox-swagger2\2.9.2\springfox-swagger2-2.9.2.jar;D:\maven\apache-maven-3.6.0\conf\repository\io\swagger\swagger-annotations\1.5.20\swagger-annotations-1.5.20.jar;D:\maven\apache-maven-3.6.0\conf\repository\io\swagger\swagger-models\1.5.20\swagger-models-1.5.20.jar;D:\maven\apache-maven-3.6.0\conf\repository\io\springfox\springfox-spi\2.9.2\springfox-spi-2.9.2.jar;D:\maven\apache-maven-3.6.0\conf\repository\io\springfox\springfox-core\2.9.2\springfox-core-2.9.2.jar;D:\maven\apache-maven-3.6.0\conf\repository\io\springfox\springfox-schema\2.9.2\springfox-schema-2.9.2.jar;D:\maven\apache-maven-3.6.0\conf\repository\io\springfox\springfox-swagger-common\2.9.2\springfox-swagger-common-2.9.2.jar;D:\maven\apache-maven-3.6.0\conf\repository\io\springfox\springfox-spring-web\2.9.2\springfox-spring-web-2.9.2.jar;D:\maven\apache-maven-3.6.0\conf\repository\com\google\guava\guava\20.0\guava-20.0.jar;D:\maven\apache-maven-3.6.0\conf\repository\com\fasterxml\classmate\1.5.1\classmate-1.5.1.jar;D:\maven\apache-maven-3.6.0\conf\repository\org\slf4j\slf4j-api\1.7.30\slf4j-api-1.7.30.jar;D:\maven\apache-maven-3.6.0\conf\repository\org\springframework\plugin\spring-plugin-core\1.2.0.RELEASE\spring-plugin-core-1.2.0.RELEASE.jar;D:\maven\apache-maven-3.6.0\conf\repository\org\springframework\plugin\spring-plugin-metadata\1.2.0.RELEASE\spring-plugin-metadata-1.2.0.RELEASE.jar;D:\maven\apache-maven-3.6.0\conf\repository\org\mapstruct\mapstruct\1.2.0.Final\mapstruct-1.2.0.Final.jar;D:\maven\apache-maven-3.6.0\conf\repository\io\springfox\springfox-swagger-ui\2.9.2\springfox-swagger-ui-2.9.2.jar;D:\maven\apache-maven-3.6.0\conf\repository\com\alibaba\fastjson\1.2.47\fastjson-1.2.47.jar;"/>
    <property name="sun.cpu.endian" value="little"/>
    <property name="user.home" value="C:\Users\15447"/>
    <property name="user.language" value="zh"/>
    <property name="java.specification.vendor" value="Oracle Corporation"/>
    <property name="java.home" value="C:\Program Files\Java\jdk1.8.0_192\jre"/>
    <property name="basedir" value="D:\IDEA\SpringBootMulti\springboot-scaffold-multi\web"/>
    <property name="file.separator" value="\"/>
    <property name="line.separator" value="&#10;"/>
    <property name="java.vm.specification.vendor" value="Oracle Corporation"/>
    <property name="java.specification.name" value="Java Platform API Specification"/>
    <property name="java.awt.graphicsenv" value="sun.awt.Win32GraphicsEnvironment"/>
    <property name="surefire.real.class.path" value="C:\Users\15447\AppData\Local\Temp\surefire7228560569160508769\surefirebooter2395281691057195897.jar"/>
    <property name="sun.boot.class.path" value="C:\Program Files\Java\jdk1.8.0_192\jre\lib\resources.jar;C:\Program Files\Java\jdk1.8.0_192\jre\lib\rt.jar;C:\Program Files\Java\jdk1.8.0_192\jre\lib\sunrsasign.jar;C:\Program Files\Java\jdk1.8.0_192\jre\lib\jsse.jar;C:\Program Files\Java\jdk1.8.0_192\jre\lib\jce.jar;C:\Program Files\Java\jdk1.8.0_192\jre\lib\charsets.jar;C:\Program Files\Java\jdk1.8.0_192\jre\lib\jfr.jar;C:\Program Files\Java\jdk1.8.0_192\jre\classes"/>
    <property name="user.script" value=""/>
    <property name="sun.management.compiler" value="HotSpot 64-Bit Tiered Compilers"/>
    <property name="java.runtime.version" value="1.8.0_192-b12"/>
    <property name="user.name" value="15447"/>
    <property name="path.separator" value=";"/>
    <property name="os.version" value="10.0"/>
    <property name="java.endorsed.dirs" value="C:\Program Files\Java\jdk1.8.0_192\jre\lib\endorsed"/>
    <property name="java.runtime.name" value="Java(TM) SE Runtime Environment"/>
    <property name="file.encoding" value="GBK"/>
    <property name="java.vm.name" value="Java HotSpot(TM) 64-Bit Server VM"/>
    <property name="localRepository" value="D:\maven\apache-maven-3.6.0\conf\repository"/>
    <property name="java.vendor.url.bug" value="http://bugreport.sun.com/bugreport/"/>
    <property name="java.io.tmpdir" value="C:\Users\15447\AppData\Local\Temp\"/>
    <property name="idea.version" value="2020.2.1"/>
    <property name="java.version" value="1.8.0_192"/>
    <property name="user.dir" value="D:\IDEA\SpringBootMulti\springboot-scaffold-multi\web"/>
    <property name="os.arch" value="amd64"/>
    <property name="java.vm.specification.name" value="Java Virtual Machine Specification"/>
    <property name="java.awt.printerjob" value="sun.awt.windows.WPrinterJob"/>
    <property name="sun.os.patch.level" value=""/>
    <property name="java.library.path" value="C:\Program Files\Java\jdk1.8.0_192\jre\bin;C:\WINDOWS\Sun\Java\bin;C:\WINDOWS\system32;C:\WINDOWS;C:\Program Files (x86)\Common Files\Oracle\Java\javapath;&quot;C:\Program Files (x86)\Common Files\Oracle\Java\javapath;C:\Program Files\MySQL\MySQL Server 5.7\bin&quot;;C:\Program Files\Java\jdk1.8.0_192\bin;C:\Program Files\Java\jdk1.8.0_192\jre\bin;\Users\15447\AppData\Local\Programs\Python\Python36\STEMROOT%\System32\OpenSSH\;D:\Blocks\CodeBlocks\share\CodeBlocks\locale\zh_CN\Dev-Cpp\MinGW64\bin;C:\Program Files\NVIDIA Corporation\NVIDIA NvDLISR;C:\WINDOWS\system32;C:\WINDOWS;C:\WINDOWS\System32\Wbem;C:\WINDOWS\System32\WindowsPowerShell\v1.0\;C:\WINDOWS\System32\OpenSSH\;C:\Program Files (x86)\NVIDIA Corporation\PhysX\Common;D:\maven\apache-maven-3.6.0\bin;D:\gradle-5.1\bin;D:\Git\cmd;D:\spring-boot-cli-2.3.0.RELEASE-bin\spring-2.3.0.RELEASE\bin;D:\nvm-setup\nvm;C:\Program Files\nodejs;C:\Program Files\nodejs\;D:\redis\;D:\erl-23.1\bin;C:\Users\15447\AppData\Local\Programs\Python\Python36\Scripts\;C:\Users\15447\AppData\Local\Programs\Python\Python36\;C:\Users\15447\AppData\Local\Microsoft\WindowsApps;C:\Program Files\JetBrains\CLion 2018.3\bin;;D:\Microsoft VS Code\bin;C:\Users\15447\AppData\Roaming\npm;."/>
    <property name="java.vm.info" value="mixed mode"/>
    <property name="java.vendor" value="Oracle Corporation"/>
    <property name="java.vm.version" value="25.192-b12"/>
    <property name="java.ext.dirs" value="C:\Program Files\Java\jdk1.8.0_192\jre\lib\ext;C:\WINDOWS\Sun\Java\lib\ext"/>
    <property name="sun.io.unicode.encoding" value="UnicodeLittle"/>
    <property name="java.class.version" value="52.0"/>
  </properties>
  <testcase name="contextLoads" classname="com.lwz.web.WebApplicationTests" time="0.3"/>
</testsuite>